2026-07-01 10:06:38,650 [INFO] MercadoLivreSync: Autenticando na API do Mercado Livre via OAuth...
2026-07-01 10:06:40,204 [WARNING] MercadoLivreSync: Erro HTTP 405 na tentativa 1/3 para https://auth.mercadolivre.com/oauth/token
2026-07-01 10:06:40,206 [ERROR] MercadoLivreSync: Falha na autenticação OAuth: 405 Client Error: Method Not Allowed for url: https://auth.mercadolivre.com/oauth/token
2026-07-01 10:11:17,702 [INFO] MercadoLivreSync: Autenticando na API do Mercado Livre via OAuth...
2026-07-01 10:11:17,798 [WARNING] MercadoLivreSync: Falha de conexão (tentativa 1/3): HTTPSConnectionPool(host='auth.mercadolibre.com.br', port=443): Max retries exceeded with url: /oauth/token (Caused by NameResolutionError("<urllib3.connection.HTTPSConnection object at 0x0000024F373EF190>: Failed to resolve 'auth.mercadolibre.com.br' ([Errno 11001] getaddrinfo failed)")). Aguardando 5 segundos...
2026-07-01 10:11:22,804 [WARNING] MercadoLivreSync: Falha de conexão (tentativa 2/3): HTTPSConnectionPool(host='auth.mercadolibre.com.br', port=443): Max retries exceeded with url: /oauth/token (Caused by NameResolutionError("<urllib3.connection.HTTPSConnection object at 0x0000024F37EA28D0>: Failed to resolve 'auth.mercadolibre.com.br' ([Errno 11001] getaddrinfo failed)")). Aguardando 5 segundos...
2026-07-01 10:11:27,818 [WARNING] MercadoLivreSync: Falha de conexão (tentativa 3/3): HTTPSConnectionPool(host='auth.mercadolibre.com.br', port=443): Max retries exceeded with url: /oauth/token (Caused by NameResolutionError("<urllib3.connection.HTTPSConnection object at 0x0000024F37EA3A90>: Failed to resolve 'auth.mercadolibre.com.br' ([Errno 11001] getaddrinfo failed)")). Aguardando 5 segundos...
2026-07-01 10:11:32,819 [ERROR] MercadoLivreSync: Falha de conexão persistente após 3 tentativas: https://auth.mercadolibre.com.br/oauth/token
2026-07-01 10:11:32,819 [ERROR] MercadoLivreSync: Falha na autenticação OAuth: HTTPSConnectionPool(host='auth.mercadolibre.com.br', port=443): Max retries exceeded with url: /oauth/token (Caused by NameResolutionError("<urllib3.connection.HTTPSConnection object at 0x0000024F37EA3A90>: Failed to resolve 'auth.mercadolibre.com.br' ([Errno 11001] getaddrinfo failed)"))
2026-07-01 10:29:24,429 [INFO] MercadoLivreSync: Autenticando na API do Mercado Livre via OAuth...
2026-07-01 10:29:25,823 [WARNING] MercadoLivreSync: Erro HTTP 400 na tentativa 1/3 para https://api.mercadolibre.com/oauth/token
2026-07-01 10:29:25,827 [ERROR] MercadoLivreSync: Falha na autenticação OAuth: 400 Client Error: Bad Request for url: https://api.mercadolibre.com/oauth/token
2026-07-01 10:36:54,977 [INFO] MercadoLivreSync: Autenticando na API do Mercado Livre via OAuth...
2026-07-01 10:36:55,361 [INFO] MercadoLivreSync: Autenticação OAuth realizada com sucesso. Token válido por 21600 segundos.
2026-07-01 10:36:55,361 [INFO] MercadoLivreSync: Iniciando sincronização de todos os produtos...
2026-07-01 10:36:55,361 [INFO] MercadoLivreSync: Sincronizando preço do produto MLB123456789...
2026-07-01 10:36:56,353 [WARNING] MercadoLivreSync: Recurso não encontrado: https://api.mercadolibre.com/items/MLB123456789
2026-07-01 10:36:56,361 [WARNING] MercadoLivreSync: Produto MLB123456789 não encontrado ao sincronizar preço.
2026-07-01 10:36:56,361 [INFO] MercadoLivreSync: Verificando disponibilidade do produto MLB123456789...
2026-07-01 10:36:56,584 [WARNING] MercadoLivreSync: Recurso não encontrado: https://api.mercadolibre.com/items/MLB123456789
2026-07-01 10:36:56,584 [WARNING] MercadoLivreSync: Produto MLB123456789 não encontrado ao verificar disponibilidade.
2026-07-01 10:36:56,585 [WARNING] MercadoLivreSync: Produto MLB123456789 não pôde ser sincronizado (não encontrado).
2026-07-01 10:36:56,590 [INFO] MercadoLivreSync: Arquivo services.json salvo com sucesso.
2026-07-01 10:36:56,590 [INFO] MercadoLivreSync: Sincronização concluída: total=1, sucessos=0, falhas=1
2026-07-01 10:38:36,818 [INFO] MercadoLivreSync: Autenticando na API do Mercado Livre via OAuth...
2026-07-01 10:38:37,208 [INFO] MercadoLivreSync: Autenticação OAuth realizada com sucesso. Token válido por 21600 segundos.
2026-07-01 10:38:37,211 [INFO] MercadoLivreSync: Iniciando sincronização de todos os produtos...
2026-07-01 10:38:37,211 [INFO] MercadoLivreSync: Sincronizando preço do produto 1DSncMY...
2026-07-01 10:38:37,489 [WARNING] MercadoLivreSync: Recurso não encontrado: https://api.mercadolibre.com/items/1DSncMY
2026-07-01 10:38:37,489 [WARNING] MercadoLivreSync: Produto 1DSncMY não encontrado ao sincronizar preço.
2026-07-01 10:38:37,489 [INFO] MercadoLivreSync: Verificando disponibilidade do produto 1DSncMY...
2026-07-01 10:38:38,492 [WARNING] MercadoLivreSync: Recurso não encontrado: https://api.mercadolibre.com/items/1DSncMY
2026-07-01 10:38:38,493 [WARNING] MercadoLivreSync: Produto 1DSncMY não encontrado ao verificar disponibilidade.
2026-07-01 10:38:38,493 [WARNING] MercadoLivreSync: Produto 1DSncMY não pôde ser sincronizado (não encontrado).
2026-07-01 10:38:38,499 [INFO] MercadoLivreSync: Arquivo services.json salvo com sucesso.
2026-07-01 10:38:38,499 [INFO] MercadoLivreSync: Sincronização concluída: total=1, sucessos=0, falhas=1
2026-07-01 10:39:33,647 [INFO] MercadoLivreSync: Autenticando na API do Mercado Livre via OAuth...
2026-07-01 10:39:34,160 [INFO] MercadoLivreSync: Autenticação OAuth realizada com sucesso. Token válido por 21600 segundos.
2026-07-01 10:39:34,160 [INFO] MercadoLivreSync: Iniciando sincronização de todos os produtos...
2026-07-01 10:39:34,160 [INFO] MercadoLivreSync: Sincronizando preço do produto MLB18995413...
2026-07-01 10:39:35,569 [WARNING] MercadoLivreSync: Recurso não encontrado: https://api.mercadolibre.com/items/MLB18995413
2026-07-01 10:39:35,570 [WARNING] MercadoLivreSync: Produto MLB18995413 não encontrado ao sincronizar preço.
2026-07-01 10:39:35,571 [INFO] MercadoLivreSync: Verificando disponibilidade do produto MLB18995413...
2026-07-01 10:39:36,559 [WARNING] MercadoLivreSync: Recurso não encontrado: https://api.mercadolibre.com/items/MLB18995413
2026-07-01 10:39:36,559 [WARNING] MercadoLivreSync: Produto MLB18995413 não encontrado ao verificar disponibilidade.
2026-07-01 10:39:36,569 [WARNING] MercadoLivreSync: Produto MLB18995413 não pôde ser sincronizado (não encontrado).
2026-07-01 10:39:36,573 [INFO] MercadoLivreSync: Arquivo services.json salvo com sucesso.
2026-07-01 10:39:36,573 [INFO] MercadoLivreSync: Sincronização concluída: total=1, sucessos=0, falhas=1
2026-07-01 10:40:47,552 [INFO] MercadoLivreSync: Autenticando na API do Mercado Livre via OAuth...
2026-07-01 10:40:48,012 [INFO] MercadoLivreSync: Autenticação OAuth realizada com sucesso. Token válido por 21600 segundos.
2026-07-01 10:40:48,012 [INFO] MercadoLivreSync: Iniciando sincronização de todos os produtos...
2026-07-01 10:40:48,012 [INFO] MercadoLivreSync: Sincronizando preço do produto MLB18995413...
2026-07-01 10:40:48,649 [WARNING] MercadoLivreSync: Recurso não encontrado: https://api.mercadolibre.com/items/MLB18995413
2026-07-01 10:40:48,649 [WARNING] MercadoLivreSync: Produto MLB18995413 não encontrado ao sincronizar preço.
2026-07-01 10:40:48,649 [INFO] MercadoLivreSync: Verificando disponibilidade do produto MLB18995413...
2026-07-01 10:40:49,654 [WARNING] MercadoLivreSync: Recurso não encontrado: https://api.mercadolibre.com/items/MLB18995413
2026-07-01 10:40:49,654 [WARNING] MercadoLivreSync: Produto MLB18995413 não encontrado ao verificar disponibilidade.
2026-07-01 10:40:49,656 [WARNING] MercadoLivreSync: Produto MLB18995413 não pôde ser sincronizado (não encontrado).
2026-07-01 10:40:49,656 [INFO] MercadoLivreSync: Arquivo services.json salvo com sucesso.
2026-07-01 10:40:49,656 [INFO] MercadoLivreSync: Sincronização concluída: total=1, sucessos=0, falhas=1
2026-07-01 10:41:54,770 [INFO] MercadoLivreSync: Autenticando na API do Mercado Livre via OAuth...
2026-07-01 10:41:55,722 [INFO] MercadoLivreSync: Autenticação OAuth realizada com sucesso. Token válido por 21600 segundos.
2026-07-01 10:41:55,731 [INFO] MercadoLivreSync: Iniciando sincronização de todos os produtos...
2026-07-01 10:41:55,731 [INFO] MercadoLivreSync: Sincronizando preço do produto MLB1055...
2026-07-01 10:41:56,182 [WARNING] MercadoLivreSync: Recurso não encontrado: https://api.mercadolibre.com/items/MLB1055
2026-07-01 10:41:56,182 [WARNING] MercadoLivreSync: Produto MLB1055 não encontrado ao sincronizar preço.
2026-07-01 10:41:56,182 [INFO] MercadoLivreSync: Verificando disponibilidade do produto MLB1055...
2026-07-01 10:41:56,725 [WARNING] MercadoLivreSync: Recurso não encontrado: https://api.mercadolibre.com/items/MLB1055
2026-07-01 10:41:56,725 [WARNING] MercadoLivreSync: Produto MLB1055 não encontrado ao verificar disponibilidade.
2026-07-01 10:41:56,725 [WARNING] MercadoLivreSync: Produto MLB1055 não pôde ser sincronizado (não encontrado).
2026-07-01 10:41:56,740 [INFO] MercadoLivreSync: Arquivo services.json salvo com sucesso.
2026-07-01 10:41:56,740 [INFO] MercadoLivreSync: Sincronização concluída: total=1, sucessos=0, falhas=1
2026-07-01 10:43:38,997 [INFO] MercadoLivreSync: Autenticando na API do Mercado Livre via OAuth...
2026-07-01 10:43:40,138 [INFO] MercadoLivreSync: Autenticação OAuth realizada com sucesso. Token válido por 21600 segundos.
2026-07-01 10:43:40,139 [INFO] MercadoLivreSync: Iniciando sincronização de todos os produtos...
2026-07-01 10:43:40,139 [INFO] MercadoLivreSync: Sincronizando preço do produto MLB23763406...
2026-07-01 10:43:40,346 [WARNING] MercadoLivreSync: Recurso não encontrado: https://api.mercadolibre.com/items/MLB23763406
2026-07-01 10:43:40,346 [WARNING] MercadoLivreSync: Produto MLB23763406 não encontrado ao sincronizar preço.
2026-07-01 10:43:40,346 [INFO] MercadoLivreSync: Verificando disponibilidade do produto MLB23763406...
2026-07-01 10:43:40,558 [WARNING] MercadoLivreSync: Recurso não encontrado: https://api.mercadolibre.com/items/MLB23763406
2026-07-01 10:43:40,558 [WARNING] MercadoLivreSync: Produto MLB23763406 não encontrado ao verificar disponibilidade.
2026-07-01 10:43:40,558 [WARNING] MercadoLivreSync: Produto MLB23763406 não pôde ser sincronizado (não encontrado).
2026-07-01 10:43:40,580 [INFO] MercadoLivreSync: Arquivo services.json salvo com sucesso.
2026-07-01 10:43:40,580 [INFO] MercadoLivreSync: Sincronização concluída: total=1, sucessos=0, falhas=1
2026-07-01 10:46:39,053 [INFO] MercadoLivreSync: Autenticando na API do Mercado Livre via OAuth...
2026-07-01 10:46:40,424 [INFO] MercadoLivreSync: Autenticação OAuth realizada com sucesso. Token válido por 21600 segundos.
2026-07-01 10:46:40,424 [INFO] MercadoLivreSync: Iniciando sincronização de todos os produtos...
2026-07-01 10:46:40,424 [INFO] MercadoLivreSync: Sincronizando preço do produto MLB65579852...
2026-07-01 10:46:40,654 [WARNING] MercadoLivreSync: Recurso não encontrado: https://api.mercadolibre.com/items/MLB65579852
2026-07-01 10:46:40,655 [WARNING] MercadoLivreSync: Produto MLB65579852 não encontrado ao sincronizar preço.
2026-07-01 10:46:40,655 [INFO] MercadoLivreSync: Verificando disponibilidade do produto MLB65579852...
2026-07-01 10:46:40,860 [WARNING] MercadoLivreSync: Recurso não encontrado: https://api.mercadolibre.com/items/MLB65579852
2026-07-01 10:46:40,860 [WARNING] MercadoLivreSync: Produto MLB65579852 não encontrado ao verificar disponibilidade.
2026-07-01 10:46:40,860 [WARNING] MercadoLivreSync: Produto MLB65579852 não pôde ser sincronizado (não encontrado).
2026-07-01 10:46:40,866 [INFO] MercadoLivreSync: Arquivo services.json salvo com sucesso.
2026-07-01 10:46:40,866 [INFO] MercadoLivreSync: Sincronização concluída: total=1, sucessos=0, falhas=1
